  [1m[35m (8.8ms)[0m  [1m[35mCREATE TABLE "schema_migrations" ("version" varchar NOT NULL PRIMARY KEY)[0m
  [1m[35m (7.6ms)[0m  [1m[35mCREATE TABLE "ar_internal_metadata" ("key" varchar NOT NULL PRIMARY KEY, "value" varchar, "created_at" datetime(6) NOT NULL, "updated_at" datetime(6) NOT NULL)[0m
  [1m[36mActiveRecord::SchemaMigration Pluck (0.8ms)[0m  [1m[34mSELECT "schema_migrations"."version" FROM "schema_migrations" ORDER BY "schema_migrations"."version" ASC[0m
Migrating to CreateResources (20230401032720)
  [1m[36mTRANSACTION (0.2ms)[0m  [1m[36mbegin transaction[0m
  [1m[35m (2.6ms)[0m  [1m[35mCREATE TABLE "resources" ("id" integer PRIMARY KEY AUTOINCREMENT NOT NULL, "name" varchar, "description" text, "price" decimal, "created_at" datetime(6) NOT NULL, "updated_at" datetime(6) NOT NULL)[0m
  [1m[36mActiveRecord::SchemaMigration Create (0.6ms)[0m  [1m[32mINSERT INTO "schema_migrations" ("version") VALUES (?)[0m  [["version", "20230401032720"]]
  [1m[36mTRANSACTION (4.6ms)[0m  [1m[36mcommit transaction[0m
  [1m[36mActiveRecord::InternalMetadata Load (0.6ms)[0m  [1m[34mSELECT "ar_internal_metadata".* FROM "ar_internal_metadata" WHERE "ar_internal_metadata"."key" = ? LIMIT ?[0m  [["key", "environment"], ["LIMIT", 1]]
  [1m[36mTRANSACTION (0.1ms)[0m  [1m[36mbegin transaction[0m
  [1m[36mActiveRecord::InternalMetadata Create (2.8ms)[0m  [1m[32mINSERT INTO "ar_internal_metadata" ("key", "value", "created_at", "updated_at") VALUES (?, ?, ?, ?)[0m  [["key", "environment"], ["value", "development"], ["created_at", "2023-04-01 03:28:34.980501"], ["updated_at", "2023-04-01 03:28:34.980501"]]
  [1m[36mTRANSACTION (4.7ms)[0m  [1m[36mcommit transaction[0m
  [1m[36mActiveRecord::SchemaMigration Pluck (0.4ms)[0m  [1m[34mSELECT "schema_migrations"."version" FROM "schema_migrations" ORDER BY "schema_migrations"."version" ASC[0m
Started GET "/" for ::1 at 2023-04-01 16:43:46 +1300
  [1m[36mActiveRecord::SchemaMigration Pluck (0.6ms)[0m  [1m[34mSELECT "schema_migrations"."version" FROM "schema_migrations" ORDER BY "schema_migrations"."version" ASC[0m
Processing by Rails::WelcomeController#index as HTML
  Rendering C:/Ruby31-x64/lib/ruby/gems/3.1.0/gems/railties-7.0.4.3/lib/rails/templates/rails/welcome/index.html.erb
  Rendered C:/Ruby31-x64/lib/ruby/gems/3.1.0/gems/railties-7.0.4.3/lib/rails/templates/rails/welcome/index.html.erb (Duration: 22.9ms | Allocations: 681)
Completed 200 OK in 253ms (Views: 84.8ms | ActiveRecord: 0.0ms | Allocations: 5468)


Started GET "/resources" for ::1 at 2023-04-01 16:43:55 +1300
Processing by ResourcesController#index as HTML
  [1m[36mResource Load (0.9ms)[0m  [1m[34mSELECT "resources".* FROM "resources"[0m
  ↳ app/controllers/resources_controller.rb:8:in `index'
Completed 200 OK in 50ms (Views: 17.1ms | ActiveRecord: 0.9ms | Allocations: 1946)


Started GET "/favicon.ico" for ::1 at 2023-04-01 16:43:55 +1300
  
ActionController::RoutingError (No route matches [GET] "/favicon.ico"):
  
  [1m[36mActiveRecord::SchemaMigration Pluck (0.6ms)[0m  [1m[34mSELECT "schema_migrations"."version" FROM "schema_migrations" ORDER BY "schema_migrations"."version" ASC[0m
Migrating to CreateBooks (20230401040952)
  [1m[36mTRANSACTION (0.2ms)[0m  [1m[36mbegin transaction[0m
  [1m[35m (2.8ms)[0m  [1m[35mCREATE TABLE "books" ("id" integer PRIMARY KEY AUTOINCREMENT NOT NULL, "title" varchar, "author" varchar, "description" text, "created_at" datetime(6) NOT NULL, "updated_at" datetime(6) NOT NULL)[0m
  [1m[36mActiveRecord::SchemaMigration Create (0.6ms)[0m  [1m[32mINSERT INTO "schema_migrations" ("version") VALUES (?)[0m  [["version", "20230401040952"]]
  [1m[36mTRANSACTION (7.1ms)[0m  [1m[36mcommit transaction[0m
  [1m[36mActiveRecord::InternalMetadata Load (1.0ms)[0m  [1m[34mSELECT "ar_internal_metadata".* FROM "ar_internal_metadata" WHERE "ar_internal_metadata"."key" = ? LIMIT ?[0m  [["key", "environment"], ["LIMIT", 1]]
  [1m[36mActiveRecord::SchemaMigration Pluck (0.7ms)[0m  [1m[34mSELECT "schema_migrations"."version" FROM "schema_migrations" ORDER BY "schema_migrations"."version" ASC[0m
  [1m[36mTRANSACTION (0.1ms)[0m  [1m[36mbegin transaction[0m
  [1m[36mBook Create (2.6ms)[0m  [1m[32mINSERT INTO "books" ("title", "author", "description", "created_at", "updated_at") VALUES (?, ?, ?, ?, ?)[0m  [["title", "The Great Gatsby"], ["author", "F. Scott Fitzgerald"], ["description", "A novel about the decadence and excess of the Roaring Twenties."], ["created_at", "2023-04-01 04:14:14.600181"], ["updated_at", "2023-04-01 04:14:14.600181"]]
  [1m[36mTRANSACTION (5.6ms)[0m  [1m[36mcommit transaction[0m
  [1m[36mTRANSACTION (0.1ms)[0m  [1m[36mbegin transaction[0m
  [1m[36mBook Create (2.9ms)[0m  [1m[32mINSERT INTO "books" ("title", "author", "description", "created_at", "updated_at") VALUES (?, ?, ?, ?, ?)[0m  [["title", "To kill a Mockingbird"], ["author", "Harper Lee"], ["description", "A novel about racial injustice and the loss of inocense in the American South."], ["created_at", "2023-04-01 04:16:31.958546"], ["updated_at", "2023-04-01 04:16:31.958546"]]
  [1m[36mTRANSACTION (4.7ms)[0m  [1m[36mcommit transaction[0m
Started GET "/resources" for ::1 at 2023-04-01 17:17:55 +1300
  [1m[36mActiveRecord::SchemaMigration Pluck (0.7ms)[0m  [1m[34mSELECT "schema_migrations"."version" FROM "schema_migrations" ORDER BY "schema_migrations"."version" ASC[0m
Processing by ResourcesController#index as HTML
  [1m[36mResource Load (0.6ms)[0m  [1m[34mSELECT "resources".* FROM "resources"[0m
  ↳ app/controllers/resources_controller.rb:7:in `index'
Completed 200 OK in 51ms (Views: 2.9ms | ActiveRecord: 0.6ms | Allocations: 4037)


Started GET "/books" for ::1 at 2023-04-01 17:18:02 +1300
  
ActionController::RoutingError (No route matches [GET] "/books"):
  
Started GET "/books" for ::1 at 2023-04-01 17:18:24 +1300
  
ActionController::RoutingError (uninitialized constant BooksController

      Object.const_get(camel_cased_word)
            ^^^^^^^^^^

            raise MissingController.new(error.message, error.name)
            ^^^^^):
  
Started GET "/books" for ::1 at 2023-04-01 17:20:32 +1300
Processing by BooksController#index as HTML
  [1m[36mBook Load (0.6ms)[0m  [1m[34mSELECT "books".* FROM "books"[0m
  ↳ app/controllers/books_controller.rb:4:in `index'
Completed 200 OK in 72ms (Views: 60.8ms | ActiveRecord: 4.6ms | Allocations: 7178)


Started GET "/resources" for ::1 at 2023-04-01 17:21:00 +1300
Processing by ResourcesController#index as HTML
  [1m[36mResource Load (0.6ms)[0m  [1m[34mSELECT "resources".* FROM "resources"[0m
  ↳ app/controllers/resources_controller.rb:7:in `index'
Completed 200 OK in 10ms (Views: 3.4ms | ActiveRecord: 0.6ms | Allocations: 1438)


Started GET "/books" for ::1 at 2023-04-02 22:58:45 +1200
Processing by BooksController#index as HTML
  [1m[36mBook Load (0.4ms)[0m  [1m[34mSELECT "books".* FROM "books"[0m
  ↳ app/controllers/books_controller.rb:4:in `index'
Completed 200 OK in 20ms (Views: 19.7ms | ActiveRecord: 1.2ms | Allocations: 1196)


  [1m[36mActiveRecord::SchemaMigration Pluck (0.6ms)[0m  [1m[34mSELECT "schema_migrations"."version" FROM "schema_migrations" ORDER BY "schema_migrations"."version" ASC[0m
  [1m[36mActiveRecord::SchemaMigration Pluck (1.1ms)[0m  [1m[34mSELECT "schema_migrations"."version" FROM "schema_migrations" ORDER BY "schema_migrations"."version" ASC[0m
Migrating to AddCheckedOutToBooks (20230402111056)
  [1m[36mTRANSACTION (0.1ms)[0m  [1m[36mbegin transaction[0m
  [1m[35m (2.8ms)[0m  [1m[35mALTER TABLE "books" ADD "checked_out" boolean[0m
  [1m[36mActiveRecord::SchemaMigration Create (0.5ms)[0m  [1m[32mINSERT INTO "schema_migrations" ("version") VALUES (?)[0m  [["version", "20230402111056"]]
  [1m[36mTRANSACTION (5.4ms)[0m  [1m[36mcommit transaction[0m
  [1m[36mActiveRecord::InternalMetadata Load (0.9ms)[0m  [1m[34mSELECT "ar_internal_metadata".* FROM "ar_internal_metadata" WHERE "ar_internal_metadata"."key" = ? LIMIT ?[0m  [["key", "environment"], ["LIMIT", 1]]
  [1m[36mActiveRecord::SchemaMigration Pluck (1.0ms)[0m  [1m[34mSELECT "schema_migrations"."version" FROM "schema_migrations" ORDER BY "schema_migrations"."version" ASC[0m
  [1m[36mActiveRecord::SchemaMigration Pluck (0.6ms)[0m  [1m[34mSELECT "schema_migrations"."version" FROM "schema_migrations" ORDER BY "schema_migrations"."version" ASC[0m
  [1m[36mTRANSACTION (0.1ms)[0m  [1m[36mbegin transaction[0m
  [1m[36mBook Create (2.5ms)[0m  [1m[32mINSERT INTO "books" ("title", "author", "description", "created_at", "updated_at", "checked_out") VALUES (?, ?, ?, ?, ?, ?)[0m  [["title", "Pride and Prejudice"], ["author", "Jane Austen"], ["description", "A novel about the social norms and romantic relationships in Georgian England."], ["created_at", "2023-04-02 11:15:02.710461"], ["updated_at", "2023-04-02 11:15:02.710461"], ["checked_out", 0]]
  [1m[36mTRANSACTION (4.8ms)[0m  [1m[36mcommit transaction[0m
  [1m[36mTRANSACTION (0.1ms)[0m  [1m[36mbegin transaction[0m
  [1m[36mBook Create (2.4ms)[0m  [1m[32mINSERT INTO "books" ("title", "author", "description", "created_at", "updated_at", "checked_out") VALUES (?, ?, ?, ?, ?, ?)[0m  [["title", "The Great Gatsby"], ["author", "F. Scott Fitzgerald"], ["description", "A novel about the decadence and excess of the Roaring Twenties."], ["created_at", "2023-04-02 11:15:02.726000"], ["updated_at", "2023-04-02 11:15:02.726000"], ["checked_out", 0]]
  [1m[36mTRANSACTION (4.4ms)[0m  [1m[36mcommit transaction[0m
  [1m[36mTRANSACTION (0.1ms)[0m  [1m[36mbegin transaction[0m
  [1m[36mBook Create (2.3ms)[0m  [1m[32mINSERT INTO "books" ("title", "author", "description", "created_at", "updated_at", "checked_out") VALUES (?, ?, ?, ?, ?, ?)[0m  [["title", "To Kill a Mockingbird"], ["author", "Harper Lee"], ["description", "A novel about racial injustice and the loss of innocence in the American South."], ["created_at", "2023-04-02 11:15:02.741032"], ["updated_at", "2023-04-02 11:15:02.741032"], ["checked_out", 1]]
  [1m[36mTRANSACTION (4.7ms)[0m  [1m[36mcommit transaction[0m
Started GET "/books" for ::1 at 2023-04-02 23:16:45 +1200
  [1m[36mActiveRecord::SchemaMigration Pluck (0.6ms)[0m  [1m[34mSELECT "schema_migrations"."version" FROM "schema_migrations" ORDER BY "schema_migrations"."version" ASC[0m
Processing by BooksController#index as HTML
  [1m[36mBook Load (0.7ms)[0m  [1m[34mSELECT "books".* FROM "books"[0m
  ↳ app/controllers/books_controller.rb:4:in `index'
Completed 200 OK in 219ms (Views: 1.0ms | ActiveRecord: 3.8ms | Allocations: 9758)


Started GET "/books" for ::1 at 2023-04-02 23:17:24 +1200
Processing by BooksController#index as HTML
  [1m[36mBook Load (0.7ms)[0m  [1m[34mSELECT "books".* FROM "books"[0m
  ↳ app/controllers/books_controller.rb:4:in `index'
Completed 200 OK in 7ms (Views: 0.8ms | ActiveRecord: 0.7ms | Allocations: 1053)


Started GET "/books" for ::1 at 2023-04-02 23:23:48 +1200
Processing by BooksController#index as HTML
  [1m[36mBook Load (1.2ms)[0m  [1m[34mSELECT title, count(*) as count FROM "books" GROUP BY "books"."title" HAVING (count(*) > 1)[0m
  ↳ app/models/book.rb:6:in `<class:Book>'
  [1m[36mBook Load (0.8ms)[0m  [1m[34mSELECT "books".* FROM "books" WHERE "books"."title" = ? LIMIT -1 OFFSET ?[0m  [["title", "The Great Gatsby"], ["OFFSET", 1]]
  ↳ app/models/book.rb:7:in `block in <class:Book>'
  [1m[36mTRANSACTION (0.2ms)[0m  [1m[36mbegin transaction[0m
  ↳ app/models/book.rb:7:in `block in <class:Book>'
  [1m[36mBook Destroy (2.7ms)[0m  [1m[31mDELETE FROM "books" WHERE "books"."id" = ?[0m  [["id", 4]]
  ↳ app/models/book.rb:7:in `block in <class:Book>'
  [1m[36mTRANSACTION (6.8ms)[0m  [1m[36mcommit transaction[0m
  ↳ app/models/book.rb:7:in `block in <class:Book>'
  [1m[36mBook Load (0.7ms)[0m  [1m[34mSELECT "books".* FROM "books"[0m
  ↳ app/controllers/books_controller.rb:4:in `index'
Completed 200 OK in 90ms (Views: 0.9ms | ActiveRecord: 14.6ms | Allocations: 7320)


Started GET "/resources" for ::1 at 2023-04-03 17:29:15 +1200
  [1m[36mActiveRecord::SchemaMigration Pluck (0.9ms)[0m  [1m[34mSELECT "schema_migrations"."version" FROM "schema_migrations" ORDER BY "schema_migrations"."version" ASC[0m
Processing by ResourcesController#index as HTML
  [1m[36mResource Load (0.6ms)[0m  [1m[34mSELECT "resources".* FROM "resources"[0m
  ↳ app/controllers/resources_controller.rb:7:in `index'
Completed 200 OK in 230ms (Views: 3.0ms | ActiveRecord: 0.6ms | Allocations: 4037)


Started GET "/authors" for ::1 at 2023-04-03 17:30:41 +1200
  
ActionController::RoutingError (No route matches [GET] "/authors"):
  
Started GET "/author" for ::1 at 2023-04-03 17:31:12 +1200
  
ActionController::RoutingError (No route matches [GET] "/author"):
  
Started GET "/authors" for ::1 at 2023-04-03 17:31:26 +1200
  
ActionController::RoutingError (No route matches [GET] "/authors"):
  
  [1m[36mActiveRecord::SchemaMigration Pluck (0.6ms)[0m  [1m[34mSELECT "schema_migrations"."version" FROM "schema_migrations" ORDER BY "schema_migrations"."version" ASC[0m
Migrating to CreateAuthors (20230403053600)
  [1m[36mTRANSACTION (0.1ms)[0m  [1m[36mbegin transaction[0m
  [1m[35m (2.6ms)[0m  [1m[35mCREATE TABLE "authors" ("id" integer PRIMARY KEY AUTOINCREMENT NOT NULL, "name" varchar, "created_at" datetime(6) NOT NULL, "updated_at" datetime(6) NOT NULL)[0m
  [1m[36mActiveRecord::SchemaMigration Create (0.5ms)[0m  [1m[32mINSERT INTO "schema_migrations" ("version") VALUES (?)[0m  [["version", "20230403053600"]]
  [1m[36mTRANSACTION (6.5ms)[0m  [1m[36mcommit transaction[0m
  [1m[36mActiveRecord::InternalMetadata Load (0.7ms)[0m  [1m[34mSELECT "ar_internal_metadata".* FROM "ar_internal_metadata" WHERE "ar_internal_metadata"."key" = ? LIMIT ?[0m  [["key", "environment"], ["LIMIT", 1]]
  [1m[36mActiveRecord::SchemaMigration Pluck (0.6ms)[0m  [1m[34mSELECT "schema_migrations"."version" FROM "schema_migrations" ORDER BY "schema_migrations"."version" ASC[0m
  [1m[36mTRANSACTION (0.1ms)[0m  [1m[36mbegin transaction[0m
  [1m[36mAuthor Create (2.5ms)[0m  [1m[32mINSERT INTO "authors" ("name", "created_at", "updated_at") VALUES (?, ?, ?)[0m  [["name", "Jane Austen"], ["created_at", "2023-04-03 05:43:03.335418"], ["updated_at", "2023-04-03 05:43:03.335418"]]
  [1m[36mTRANSACTION (4.8ms)[0m  [1m[36mcommit transaction[0m
  [1m[36mTRANSACTION (0.1ms)[0m  [1m[36mbegin transaction[0m
  [1m[36mAuthor Create (2.7ms)[0m  [1m[32mINSERT INTO "authors" ("name", "created_at", "updated_at") VALUES (?, ?, ?)[0m  [["name", "F.Scott Fitzgerald"], ["created_at", "2023-04-03 05:43:43.051131"], ["updated_at", "2023-04-03 05:43:43.051131"]]
  [1m[36mTRANSACTION (4.8ms)[0m  [1m[36mcommit transaction[0m
  [1m[36mTRANSACTION (0.1ms)[0m  [1m[36mbegin transaction[0m
  [1m[36mAuthor Create (2.4ms)[0m  [1m[32mINSERT INTO "authors" ("name", "created_at", "updated_at") VALUES (?, ?, ?)[0m  [["name", "Harper Lee"], ["created_at", "2023-04-03 05:43:54.758747"], ["updated_at", "2023-04-03 05:43:54.758747"]]
  [1m[36mTRANSACTION (4.7ms)[0m  [1m[36mcommit transaction[0m
Started GET "/authors" for ::1 at 2023-04-03 17:45:05 +1200
  [1m[36mActiveRecord::SchemaMigration Pluck (0.6ms)[0m  [1m[34mSELECT "schema_migrations"."version" FROM "schema_migrations" ORDER BY "schema_migrations"."version" ASC[0m
  
ActionController::RoutingError (No route matches [GET] "/authors"):
  
Started GET "/authors" for ::1 at 2023-04-03 17:48:22 +1200
Processing by AuthorsController#index as HTML
  [1m[36mAuthor Load (0.5ms)[0m  [1m[34mSELECT "authors".* FROM "authors"[0m
  ↳ app/controllers/authors_controller.rb:4:in `index'
Completed 200 OK in 51ms (Views: 40.5ms | ActiveRecord: 4.8ms | Allocations: 6415)


Started GET "/books" for ::1 at 2023-04-03 17:48:29 +1200
Processing by BooksController#index as HTML
  [1m[36mBook Load (1.0ms)[0m  [1m[34mSELECT title, count(*) as count FROM "books" GROUP BY "books"."title" HAVING (count(*) > 1)[0m
  ↳ app/models/book.rb:6:in `<class:Book>'
  [1m[36mBook Load (0.6ms)[0m  [1m[34mSELECT "books".* FROM "books"[0m
  ↳ app/controllers/books_controller.rb:4:in `index'
Completed 200 OK in 65ms (Views: 0.8ms | ActiveRecord: 3.7ms | Allocations: 5993)


Started GET "/authors" for ::1 at 2023-04-03 17:49:02 +1200
Processing by AuthorsController#index as HTML
  [1m[36mAuthor Load (0.9ms)[0m  [1m[34mSELECT "authors".* FROM "authors"[0m
  ↳ app/controllers/authors_controller.rb:4:in `index'
Completed 200 OK in 8ms (Views: 6.6ms | ActiveRecord: 0.9ms | Allocations: 1091)


Started GET "/books" for ::1 at 2023-04-03 17:49:07 +1200
Processing by BooksController#index as HTML
  [1m[36mBook Load (1.0ms)[0m  [1m[34mSELECT "books".* FROM "books"[0m
  ↳ app/controllers/books_controller.rb:4:in `index'
Completed 200 OK in 7ms (Views: 0.8ms | ActiveRecord: 1.0ms | Allocations: 892)


Started GET "/resources" for ::1 at 2023-04-03 17:49:22 +1200
Processing by ResourcesController#index as HTML
  [1m[36mResource Load (0.6ms)[0m  [1m[34mSELECT "resources".* FROM "resources"[0m
  ↳ app/controllers/resources_controller.rb:7:in `index'
Completed 200 OK in 10ms (Views: 3.2ms | ActiveRecord: 0.6ms | Allocations: 1435)


Started GET "/authors" for ::1 at 2023-04-03 17:50:43 +1200
  [1m[36mActiveRecord::SchemaMigration Pluck (0.6ms)[0m  [1m[34mSELECT "schema_migrations"."version" FROM "schema_migrations" ORDER BY "schema_migrations"."version" ASC[0m
Processing by AuthorsController#index as HTML
  [1m[36mAuthor Load (0.8ms)[0m  [1m[34mSELECT "authors".* FROM "authors"[0m
  ↳ app/controllers/authors_controller.rb:4:in `index'
Completed 200 OK in 99ms (Views: 36.2ms | ActiveRecord: 4.6ms | Allocations: 8380)


Started GET "/books" for ::1 at 2023-04-03 17:50:48 +1200
Processing by BooksController#index as HTML
  [1m[36mBook Load (0.5ms)[0m  [1m[34mSELECT title, count(*) as count FROM "books" GROUP BY "books"."title" HAVING (count(*) > 1)[0m
  ↳ app/models/book.rb:6:in `<class:Book>'
  [1m[36mBook Load (0.5ms)[0m  [1m[34mSELECT "books".* FROM "books"[0m
  ↳ app/controllers/books_controller.rb:4:in `index'
Completed 200 OK in 40ms (Views: 0.6ms | ActiveRecord: 3.3ms | Allocations: 5997)


Started GET "/books" for ::1 at 2023-04-03 17:58:11 +1200
Processing by BooksController#index as HTML
  [1m[36mBook Load (2.4ms)[0m  [1m[34mSELECT "books".* FROM "books"[0m
  ↳ app/controllers/books_controller.rb:4:in `index'
Completed 200 OK in 14ms (Views: 0.5ms | ActiveRecord: 4.2ms | Allocations: 1102)


Started GET "/books" for ::1 at 2023-04-03 17:58:14 +1200
Processing by BooksController#index as HTML
  [1m[36mBook Load (1.8ms)[0m  [1m[34mSELECT "books".* FROM "books"[0m
  ↳ app/controllers/books_controller.rb:4:in `index'
Completed 200 OK in 7ms (Views: 0.6ms | ActiveRecord: 1.8ms | Allocations: 880)


Started GET "/books" for ::1 at 2023-04-03 17:59:30 +1200
Processing by BooksController#index as HTML
  [1m[36mBook Load (1.0ms)[0m  [1m[34mSELECT "books".* FROM "books"[0m
  ↳ app/controllers/books_controller.rb:4:in `index'
Completed 200 OK in 6ms (Views: 0.6ms | ActiveRecord: 1.0ms | Allocations: 892)


  [1m[36mBook Load (0.7ms)[0m  [1m[34mSELECT title, count(*) as count FROM "books" GROUP BY "books"."title" HAVING (count(*) > 1)[0m
  [1m[36mBook Load (0.7ms)[0m  [1m[34mSELECT "books".* FROM "books"[0m
  [1m[36mBook Load (0.5ms)[0m  [1m[34mSELECT "books".* FROM "books"[0m
  [1m[36mBook Load (0.6ms)[0m  [1m[34mSELECT "books".* FROM "books" WHERE "books"."id" = ?[0m  [["id", 5]]
  [1m[36mTRANSACTION (0.1ms)[0m  [1m[36mbegin transaction[0m
  [1m[36mBook Destroy (2.3ms)[0m  [1m[31mDELETE FROM "books" WHERE "books"."id" = ?[0m  [["id", 5]]
  [1m[36mTRANSACTION (5.8ms)[0m  [1m[36mcommit transaction[0m
  [1m[36mBook Load (0.5ms)[0m  [1m[34mSELECT "books".* FROM "books"[0m
  [1m[36mActiveRecord::SchemaMigration Pluck (0.6ms)[0m  [1m[34mSELECT "schema_migrations"."version" FROM "schema_migrations" ORDER BY "schema_migrations"."version" ASC[0m
  [1m[36mActiveRecord::InternalMetadata Load (0.6ms)[0m  [1m[34mSELECT "ar_internal_metadata".* FROM "ar_internal_metadata" WHERE "ar_internal_metadata"."key" = ? LIMIT ?[0m  [["key", "environment"], ["LIMIT", 1]]
  [1m[36mActiveRecord::SchemaMigration Pluck (0.4ms)[0m  [1m[34mSELECT "schema_migrations"."version" FROM "schema_migrations" ORDER BY "schema_migrations"."version" ASC[0m
Started GET "/authors" for ::1 at 2023-04-03 18:11:23 +1200
  [1m[36mActiveRecord::SchemaMigration Pluck (0.7ms)[0m  [1m[34mSELECT "schema_migrations"."version" FROM "schema_migrations" ORDER BY "schema_migrations"."version" ASC[0m
Processing by AuthorsController#index as HTML
  [1m[36mAuthor Load (1.0ms)[0m  [1m[34mSELECT "authors".* FROM "authors"[0m
  ↳ app/controllers/authors_controller.rb:4:in `index'
Completed 200 OK in 110ms (Views: 40.9ms | ActiveRecord: 4.6ms | Allocations: 8378)


Started GET "/books" for ::1 at 2023-04-03 18:11:41 +1200
Processing by BooksController#index as HTML
  [1m[36mBook Load (0.6ms)[0m  [1m[34mSELECT title, count(*) as count FROM "books" GROUP BY "books"."title" HAVING (count(*) > 1)[0m
  ↳ app/models/book.rb:6:in `<class:Book>'
  [1m[36mBook Load (0.5ms)[0m  [1m[34mSELECT "books".* FROM "books"[0m
  ↳ app/controllers/books_controller.rb:4:in `index'
Completed 200 OK in 38ms (Views: 0.5ms | ActiveRecord: 3.2ms | Allocations: 5914)


Started GET "/books" for ::1 at 2023-04-03 18:13:30 +1200
Processing by BooksController#index as HTML
  [1m[36mBook Load (0.8ms)[0m  [1m[34mSELECT "books".* FROM "books"[0m
  ↳ app/controllers/books_controller.rb:4:in `index'
Completed 200 OK in 6ms (Views: 1.1ms | ActiveRecord: 0.8ms | Allocations: 828)


Started GET "/books" for ::1 at 2023-04-03 18:13:32 +1200
Processing by BooksController#index as HTML
  [1m[36mBook Load (0.6ms)[0m  [1m[34mSELECT "books".* FROM "books"[0m
  ↳ app/controllers/books_controller.rb:4:in `index'
Completed 200 OK in 7ms (Views: 0.5ms | ActiveRecord: 0.6ms | Allocations: 799)


Started GET "/books" for ::1 at 2023-04-03 18:13:34 +1200
Processing by BooksController#index as HTML
  [1m[36mBook Load (1.2ms)[0m  [1m[34mSELECT "books".* FROM "books"[0m
  ↳ app/controllers/books_controller.rb:4:in `index'
Completed 200 OK in 6ms (Views: 0.5ms | ActiveRecord: 1.2ms | Allocations: 799)


Started GET "/authors" for ::1 at 2023-04-03 18:13:48 +1200
Processing by AuthorsController#index as HTML
  [1m[36mAuthor Load (0.5ms)[0m  [1m[34mSELECT "authors".* FROM "authors"[0m
  ↳ app/controllers/authors_controller.rb:4:in `index'
Completed 200 OK in 5ms (Views: 4.3ms | ActiveRecord: 0.5ms | Allocations: 1072)


Started GET "/books" for ::1 at 2023-04-03 18:13:59 +1200
Processing by BooksController#index as HTML
  [1m[36mBook Load (0.5ms)[0m  [1m[34mSELECT "books".* FROM "books"[0m
  ↳ app/controllers/books_controller.rb:4:in `index'
Completed 200 OK in 4ms (Views: 0.4ms | ActiveRecord: 0.5ms | Allocations: 811)


  [1m[36mActiveRecord::SchemaMigration Pluck (0.6ms)[0m  [1m[34mSELECT "schema_migrations"."version" FROM "schema_migrations" ORDER BY "schema_migrations"."version" ASC[0m
  [1m[36mActiveRecord::InternalMetadata Load (1.0ms)[0m  [1m[34mSELECT "ar_internal_metadata".* FROM "ar_internal_metadata" WHERE "ar_internal_metadata"."key" = ? LIMIT ?[0m  [["key", "environment"], ["LIMIT", 1]]
  [1m[36mActiveRecord::SchemaMigration Pluck (0.4ms)[0m  [1m[34mSELECT "schema_migrations"."version" FROM "schema_migrations" ORDER BY "schema_migrations"."version" ASC[0m
Started GET "/books" for ::1 at 2023-04-03 18:14:55 +1200
  [1m[36mActiveRecord::SchemaMigration Pluck (0.7ms)[0m  [1m[34mSELECT "schema_migrations"."version" FROM "schema_migrations" ORDER BY "schema_migrations"."version" ASC[0m
Processing by BooksController#index as HTML
  [1m[36mBook Load (0.6ms)[0m  [1m[34mSELECT title, count(*) as count FROM "books" GROUP BY "books"."title" HAVING (count(*) > 1)[0m
  ↳ app/models/book.rb:6:in `<class:Book>'
  [1m[36mBook Load (1.1ms)[0m  [1m[34mSELECT "books".* FROM "books"[0m
  ↳ app/controllers/books_controller.rb:4:in `index'
Completed 200 OK in 100ms (Views: 0.7ms | ActiveRecord: 4.6ms | Allocations: 10228)


Started GET "/books" for ::1 at 2023-04-03 18:15:02 +1200
Processing by BooksController#index as HTML
  [1m[36mBook Load (0.5ms)[0m  [1m[34mSELECT "books".* FROM "books"[0m
  ↳ app/controllers/books_controller.rb:4:in `index'
Completed 200 OK in 5ms (Views: 0.5ms | ActiveRecord: 0.5ms | Allocations: 892)


Started GET "/books" for ::1 at 2023-04-03 18:15:03 +1200
Processing by BooksController#index as HTML
  [1m[36mBook Load (1.2ms)[0m  [1m[34mSELECT "books".* FROM "books"[0m
  ↳ app/controllers/books_controller.rb:4:in `index'
Completed 200 OK in 6ms (Views: 0.6ms | ActiveRecord: 1.2ms | Allocations: 811)


Started GET "/books" for ::1 at 2023-04-03 18:15:04 +1200
Processing by BooksController#index as HTML
  [1m[36mBook Load (0.6ms)[0m  [1m[34mSELECT "books".* FROM "books"[0m
  ↳ app/controllers/books_controller.rb:4:in `index'
Completed 200 OK in 4ms (Views: 0.4ms | ActiveRecord: 0.6ms | Allocations: 811)


  [1m[36mBook Load (0.6ms)[0m  [1m[34mSELECT title, count(*) as count FROM "books" GROUP BY "books"."title" HAVING (count(*) > 1)[0m
  [1m[36mBook Load (0.6ms)[0m  [1m[34mSELECT "books".* FROM "books"[0m
  [1m[36mTRANSACTION (0.1ms)[0m  [1m[36mbegin transaction[0m
  [1m[36mBook Destroy (2.4ms)[0m  [1m[31mDELETE FROM "books" WHERE "books"."id" = ?[0m  [["id", 1]]
  [1m[36mTRANSACTION (6.3ms)[0m  [1m[36mcommit transaction[0m
  [1m[36mTRANSACTION (0.1ms)[0m  [1m[36mbegin transaction[0m
  [1m[36mBook Destroy (3.0ms)[0m  [1m[31mDELETE FROM "books" WHERE "books"."id" = ?[0m  [["id", 2]]
  [1m[36mTRANSACTION (6.4ms)[0m  [1m[36mcommit transaction[0m
  [1m[36mTRANSACTION (0.1ms)[0m  [1m[36mbegin transaction[0m
  [1m[36mBook Destroy (3.4ms)[0m  [1m[31mDELETE FROM "books" WHERE "books"."id" = ?[0m  [["id", 3]]
  [1m[36mTRANSACTION (6.8ms)[0m  [1m[36mcommit transaction[0m
  [1m[36mBook Load (0.4ms)[0m  [1m[34mSELECT "books".* FROM "books"[0m
  [1m[36mActiveRecord::SchemaMigration Pluck (0.6ms)[0m  [1m[34mSELECT "schema_migrations"."version" FROM "schema_migrations" ORDER BY "schema_migrations"."version" ASC[0m
  [1m[36mActiveRecord::InternalMetadata Load (0.7ms)[0m  [1m[34mSELECT "ar_internal_metadata".* FROM "ar_internal_metadata" WHERE "ar_internal_metadata"."key" = ? LIMIT ?[0m  [["key", "environment"], ["LIMIT", 1]]
  [1m[36mActiveRecord::SchemaMigration Pluck (0.4ms)[0m  [1m[34mSELECT "schema_migrations"."version" FROM "schema_migrations" ORDER BY "schema_migrations"."version" ASC[0m
Started GET "/authors" for ::1 at 2023-04-03 18:22:49 +1200
  [1m[36mActiveRecord::SchemaMigration Pluck (0.8ms)[0m  [1m[34mSELECT "schema_migrations"."version" FROM "schema_migrations" ORDER BY "schema_migrations"."version" ASC[0m
Processing by AuthorsController#index as HTML
  [1m[36mAuthor Load (0.7ms)[0m  [1m[34mSELECT "authors".* FROM "authors"[0m
  ↳ app/controllers/authors_controller.rb:4:in `index'
Completed 200 OK in 103ms (Views: 43.6ms | ActiveRecord: 4.6ms | Allocations: 8380)


Started GET "/books" for ::1 at 2023-04-03 18:22:56 +1200
Processing by BooksController#index as HTML
  [1m[36mBook Load (0.8ms)[0m  [1m[34mSELECT title, count(*) as count FROM "books" GROUP BY "books"."title" HAVING (count(*) > 1)[0m
  ↳ app/models/book.rb:6:in `<class:Book>'
  [1m[36mBook Load (0.9ms)[0m  [1m[34mSELECT "books".* FROM "books"[0m
  ↳ app/controllers/books_controller.rb:4:in `index'
Completed 200 OK in 21ms (Views: 0.3ms | ActiveRecord: 3.3ms | Allocations: 2377)


  [1m[36mActiveRecord::SchemaMigration Pluck (0.6ms)[0m  [1m[34mSELECT "schema_migrations"."version" FROM "schema_migrations" ORDER BY "schema_migrations"."version" ASC[0m
  [1m[36mBook Load (0.8ms)[0m  [1m[34mSELECT title, count(*) as count FROM "books" GROUP BY "books"."title" HAVING (count(*) > 1)[0m
  ↳ app/models/book.rb:6:in `<class:Book>'
  [1m[36mTRANSACTION (0.1ms)[0m  [1m[36mbegin transaction[0m
  [1m[36mBook Create (2.7ms)[0m  [1m[32mINSERT INTO "books" ("title", "author", "description", "created_at", "updated_at", "checked_out") VALUES (?, ?, ?, ?, ?, ?)[0m  [["title", "Pride and Prejudice"], ["author", "Jane Austen"], ["description", "A novel about the social norms and romantic relationships in Georgian England."], ["created_at", "2023-04-03 06:26:29.520800"], ["updated_at", "2023-04-03 06:26:29.520800"], ["checked_out", 0]]
  [1m[36mTRANSACTION (4.8ms)[0m  [1m[36mcommit transaction[0m
  [1m[36mTRANSACTION (0.1ms)[0m  [1m[36mbegin transaction[0m
  [1m[36mBook Create (3.3ms)[0m  [1m[32mINSERT INTO "books" ("title", "author", "description", "created_at", "updated_at", "checked_out") VALUES (?, ?, ?, ?, ?, ?)[0m  [["title", "The Great Gatsby"], ["author", "F. Scott Fitzgerald"], ["description", "A novel about the decadence and excess of the Roaring Twenties."], ["created_at", "2023-04-03 06:26:29.538102"], ["updated_at", "2023-04-03 06:26:29.538102"], ["checked_out", 0]]
  [1m[36mTRANSACTION (6.5ms)[0m  [1m[36mcommit transaction[0m
  [1m[36mTRANSACTION (0.1ms)[0m  [1m[36mbegin transaction[0m
  [1m[36mBook Create (2.3ms)[0m  [1m[32mINSERT INTO "books" ("title", "author", "description", "created_at", "updated_at", "checked_out") VALUES (?, ?, ?, ?, ?, ?)[0m  [["title", "To Kill a Mockingbird"], ["author", "Harper Lee"], ["description", "A novel about racial injustice and the loss of innocence in the American South."], ["created_at", "2023-04-03 06:26:29.555460"], ["updated_at", "2023-04-03 06:26:29.555460"], ["checked_out", 1]]
  [1m[36mTRANSACTION (5.1ms)[0m  [1m[36mcommit transaction[0m
  [1m[36mTRANSACTION (0.1ms)[0m  [1m[36mbegin transaction[0m
  [1m[36mBook Create (2.8ms)[0m  [1m[32mINSERT INTO "books" ("title", "author", "description", "created_at", "updated_at", "checked_out") VALUES (?, ?, ?, ?, ?, ?)[0m  [["title", "The Decameron"], ["author", "Giovanni Boccaccio"], ["description", "Decameron follows ten wealthy young people who abandon the city for a luxurious country retreat."], ["created_at", "2023-04-03 06:26:29.571101"], ["updated_at", "2023-04-03 06:26:29.571101"], ["checked_out", 0]]
  [1m[36mTRANSACTION (4.9ms)[0m  [1m[36mcommit transaction[0m
  [1m[36mTRANSACTION (0.1ms)[0m  [1m[36mbegin transaction[0m
  [1m[36mBook Create (2.5ms)[0m  [1m[32mINSERT INTO "books" ("title", "author", "description", "created_at", "updated_at", "checked_out") VALUES (?, ?, ?, ?, ?, ?)[0m  [["title", "The Nostromo"], ["author", "Joseph Conrad"], ["description", "Nostromo, a steadier and luckier man, lives on for years, cautiously allowing himself to grow wealthy off the treasure."], ["created_at", "2023-04-03 06:26:29.586529"], ["updated_at", "2023-04-03 06:26:29.586529"], ["checked_out", 1]]
  [1m[36mTRANSACTION (4.8ms)[0m  [1m[36mcommit transaction[0m
  [1m[36mBook Load (0.6ms)[0m  [1m[34mSELECT title, count(*) as count FROM "books" GROUP BY "books"."title" HAVING (count(*) > 1)[0m
  [1m[36mBook Load (0.8ms)[0m  [1m[34mSELECT "books".* FROM "books"[0m
Started GET "/books" for ::1 at 2023-04-03 18:27:47 +1200
  [1m[36mActiveRecord::SchemaMigration Pluck (0.6ms)[0m  [1m[34mSELECT "schema_migrations"."version" FROM "schema_migrations" ORDER BY "schema_migrations"."version" ASC[0m
Processing by BooksController#index as HTML
  [1m[36mBook Load (1.1ms)[0m  [1m[34mSELECT title, count(*) as count FROM "books" GROUP BY "books"."title" HAVING (count(*) > 1)[0m
  ↳ app/models/book.rb:6:in `<class:Book>'
  [1m[36mBook Load (0.6ms)[0m  [1m[34mSELECT "books".* FROM "books"[0m
  ↳ app/controllers/books_controller.rb:4:in `index'
Completed 200 OK in 102ms (Views: 1.1ms | ActiveRecord: 4.9ms | Allocations: 10387)


Started GET "/books" for ::1 at 2023-04-03 18:31:00 +1200
  [1m[36mActiveRecord::SchemaMigration Pluck (0.6ms)[0m  [1m[34mSELECT "schema_migrations"."version" FROM "schema_migrations" ORDER BY "schema_migrations"."version" ASC[0m
Processing by BooksController#index as HTML
  [1m[36mBook Load (0.5ms)[0m  [1m[34mSELECT title, count(*) as count FROM "books" GROUP BY "books"."title" HAVING (count(*) > 1)[0m
  ↳ app/models/book.rb:6:in `<class:Book>'
  [1m[36mBook Load (0.8ms)[0m  [1m[34mSELECT "books".* FROM "books"[0m
  ↳ app/controllers/books_controller.rb:4:in `index'
Completed 200 OK in 107ms (Views: 0.9ms | ActiveRecord: 5.9ms | Allocations: 10393)


Started GET "/books/available" for ::1 at 2023-04-03 18:31:08 +1200
  
AbstractController::ActionNotFound (The action 'available' could not be found for BooksController):
  
actionpack (7.0.4.3) lib/abstract_controller/base.rb:146:in `process'
actionpack (7.0.4.3) lib/action_controller/metal.rb:188:in `dispatch'
actionpack (7.0.4.3) lib/action_controller/metal.rb:251:in `dispatch'
actionpack (7.0.4.3) lib/action_dispatch/routing/route_set.rb:49:in `dispatch'
actionpack (7.0.4.3) lib/action_dispatch/routing/route_set.rb:32:in `serve'
actionpack (7.0.4.3) lib/action_dispatch/journey/router.rb:50:in `block in serve'
actionpack (7.0.4.3) lib/action_dispatch/journey/router.rb:32:in `each'
actionpack (7.0.4.3) lib/action_dispatch/journey/router.rb:32:in `serve'
actionpack (7.0.4.3) lib/action_dispatch/routing/route_set.rb:852:in `call'
rack (2.2.6.4) lib/rack/etag.rb:27:in `call'
rack (2.2.6.4) lib/rack/conditional_get.rb:27:in `call'
rack (2.2.6.4) lib/rack/head.rb:12:in `call'
activerecord (7.0.4.3) lib/active_record/migration.rb:603:in `call'
actionpack (7.0.4.3) lib/action_dispatch/middleware/callbacks.rb:27:in `block in call'
activesupport (7.0.4.3) lib/active_support/callbacks.rb:99:in `run_callbacks'
actionpack (7.0.4.3) lib/action_dispatch/middleware/callbacks.rb:26:in `call'
actionpack (7.0.4.3) lib/action_dispatch/middleware/executor.rb:14:in `call'
actionpack (7.0.4.3) lib/action_dispatch/middleware/actionable_exceptions.rb:17:in `call'
actionpack (7.0.4.3) lib/action_dispatch/middleware/debug_exceptions.rb:28:in `call'
actionpack (7.0.4.3) lib/action_dispatch/middleware/show_exceptions.rb:26:in `call'
railties (7.0.4.3) lib/rails/rack/logger.rb:40:in `call_app'
railties (7.0.4.3) lib/rails/rack/logger.rb:25:in `block in call'
activesupport (7.0.4.3) lib/active_support/tagged_logging.rb:99:in `block in tagged'
activesupport (7.0.4.3) lib/active_support/tagged_logging.rb:37:in `tagged'
activesupport (7.0.4.3) lib/active_support/tagged_logging.rb:99:in `tagged'
railties (7.0.4.3) lib/rails/rack/logger.rb:25:in `call'
actionpack (7.0.4.3) lib/action_dispatch/middleware/remote_ip.rb:93:in `call'
actionpack (7.0.4.3) lib/action_dispatch/middleware/request_id.rb:26:in `call'
rack (2.2.6.4) lib/rack/runtime.rb:22:in `call'
activesupport (7.0.4.3) lib/active_support/cache/strategy/local_cache_middleware.rb:29:in `call'
actionpack (7.0.4.3) lib/action_dispatch/middleware/server_timing.rb:61:in `block in call'
actionpack (7.0.4.3) lib/action_dispatch/middleware/server_timing.rb:26:in `collect_events'
actionpack (7.0.4.3) lib/action_dispatch/middleware/server_timing.rb:60:in `call'
actionpack (7.0.4.3) lib/action_dispatch/middleware/executor.rb:14:in `call'
actionpack (7.0.4.3) lib/action_dispatch/middleware/static.rb:23:in `call'
rack (2.2.6.4) lib/rack/sendfile.rb:110:in `call'
actionpack (7.0.4.3) lib/action_dispatch/middleware/host_authorization.rb:137:in `call'
railties (7.0.4.3) lib/rails/engine.rb:530:in `call'
puma (5.6.5) lib/puma/configuration.rb:252:in `call'
puma (5.6.5) lib/puma/request.rb:77:in `block in handle_request'
puma (5.6.5) lib/puma/thread_pool.rb:340:in `with_force_shutdown'
puma (5.6.5) lib/puma/request.rb:76:in `handle_request'
puma (5.6.5) lib/puma/server.rb:443:in `process_client'
puma (5.6.5) lib/puma/thread_pool.rb:147:in `block in spawn_thread'
Started GET "/books/available" for ::1 at 2023-04-03 18:32:19 +1200
  [1m[36mActiveRecord::SchemaMigration Pluck (0.6ms)[0m  [1m[34mSELECT "schema_migrations"."version" FROM "schema_migrations" ORDER BY "schema_migrations"."version" ASC[0m
  
AbstractController::ActionNotFound (The action 'available' could not be found for BooksController):
  
actionpack (7.0.4.3) lib/abstract_controller/base.rb:146:in `process'
actionpack (7.0.4.3) lib/action_controller/metal.rb:188:in `dispatch'
actionpack (7.0.4.3) lib/action_controller/metal.rb:251:in `dispatch'
actionpack (7.0.4.3) lib/action_dispatch/routing/route_set.rb:49:in `dispatch'
actionpack (7.0.4.3) lib/action_dispatch/routing/route_set.rb:32:in `serve'
actionpack (7.0.4.3) lib/action_dispatch/journey/router.rb:50:in `block in serve'
actionpack (7.0.4.3) lib/action_dispatch/journey/router.rb:32:in `each'
actionpack (7.0.4.3) lib/action_dispatch/journey/router.rb:32:in `serve'
actionpack (7.0.4.3) lib/action_dispatch/routing/route_set.rb:852:in `call'
rack (2.2.6.4) lib/rack/etag.rb:27:in `call'
rack (2.2.6.4) lib/rack/conditional_get.rb:27:in `call'
rack (2.2.6.4) lib/rack/head.rb:12:in `call'
activerecord (7.0.4.3) lib/active_record/migration.rb:603:in `call'
actionpack (7.0.4.3) lib/action_dispatch/middleware/callbacks.rb:27:in `block in call'
activesupport (7.0.4.3) lib/active_support/callbacks.rb:99:in `run_callbacks'
actionpack (7.0.4.3) lib/action_dispatch/middleware/callbacks.rb:26:in `call'
actionpack (7.0.4.3) lib/action_dispatch/middleware/executor.rb:14:in `call'
actionpack (7.0.4.3) lib/action_dispatch/middleware/actionable_exceptions.rb:17:in `call'
actionpack (7.0.4.3) lib/action_dispatch/middleware/debug_exceptions.rb:28:in `call'
actionpack (7.0.4.3) lib/action_dispatch/middleware/show_exceptions.rb:26:in `call'
railties (7.0.4.3) lib/rails/rack/logger.rb:40:in `call_app'
railties (7.0.4.3) lib/rails/rack/logger.rb:25:in `block in call'
activesupport (7.0.4.3) lib/active_support/tagged_logging.rb:99:in `block in tagged'
activesupport (7.0.4.3) lib/active_support/tagged_logging.rb:37:in `tagged'
activesupport (7.0.4.3) lib/active_support/tagged_logging.rb:99:in `tagged'
railties (7.0.4.3) lib/rails/rack/logger.rb:25:in `call'
actionpack (7.0.4.3) lib/action_dispatch/middleware/remote_ip.rb:93:in `call'
actionpack (7.0.4.3) lib/action_dispatch/middleware/request_id.rb:26:in `call'
rack (2.2.6.4) lib/rack/runtime.rb:22:in `call'
activesupport (7.0.4.3) lib/active_support/cache/strategy/local_cache_middleware.rb:29:in `call'
actionpack (7.0.4.3) lib/action_dispatch/middleware/server_timing.rb:61:in `block in call'
actionpack (7.0.4.3) lib/action_dispatch/middleware/server_timing.rb:26:in `collect_events'
actionpack (7.0.4.3) lib/action_dispatch/middleware/server_timing.rb:60:in `call'
actionpack (7.0.4.3) lib/action_dispatch/middleware/executor.rb:14:in `call'
actionpack (7.0.4.3) lib/action_dispatch/middleware/static.rb:23:in `call'
rack (2.2.6.4) lib/rack/sendfile.rb:110:in `call'
actionpack (7.0.4.3) lib/action_dispatch/middleware/host_authorization.rb:137:in `call'
railties (7.0.4.3) lib/rails/engine.rb:530:in `call'
puma (5.6.5) lib/puma/configuration.rb:252:in `call'
puma (5.6.5) lib/puma/request.rb:77:in `block in handle_request'
puma (5.6.5) lib/puma/thread_pool.rb:340:in `with_force_shutdown'
puma (5.6.5) lib/puma/request.rb:76:in `handle_request'
puma (5.6.5) lib/puma/server.rb:443:in `process_client'
puma (5.6.5) lib/puma/thread_pool.rb:147:in `block in spawn_thread'
Started GET "/books/available" for ::1 at 2023-04-03 18:33:33 +1200
  [1m[36mActiveRecord::SchemaMigration Pluck (0.6ms)[0m  [1m[34mSELECT "schema_migrations"."version" FROM "schema_migrations" ORDER BY "schema_migrations"."version" ASC[0m
Processing by BooksController#available as HTML
  [1m[36mBook Load (0.7ms)[0m  [1m[34mSELECT title, count(*) as count FROM "books" GROUP BY "books"."title" HAVING (count(*) > 1)[0m
  ↳ app/models/book.rb:6:in `<class:Book>'
  [1m[36mBook Load (0.7ms)[0m  [1m[34mSELECT "books".* FROM "books" WHERE "books"."checked_out" = ?[0m  [["checked_out", 0]]
  ↳ app/controllers/books_controller.rb:9:in `map'
Completed 200 OK in 122ms (Views: 1.1ms | ActiveRecord: 4.1ms | Allocations: 10643)


Started GET "/books/" for ::1 at 2023-04-03 18:34:02 +1200
Processing by BooksController#index as HTML
  [1m[36mBook Load (0.8ms)[0m  [1m[34mSELECT "books".* FROM "books"[0m
  ↳ app/controllers/books_controller.rb:4:in `index'
Completed 200 OK in 7ms (Views: 0.7ms | ActiveRecord: 0.8ms | Allocations: 1150)


Started GET "/books" for ::1 at 2023-04-03 18:34:07 +1200
Processing by BooksController#index as HTML
  [1m[36mBook Load (0.5ms)[0m  [1m[34mSELECT "books".* FROM "books"[0m
  ↳ app/controllers/books_controller.rb:4:in `index'
Completed 200 OK in 5ms (Views: 0.7ms | ActiveRecord: 0.5ms | Allocations: 974)


Started GET "/authors" for ::1 at 2023-04-03 18:34:10 +1200
Processing by AuthorsController#index as HTML
  [1m[36mAuthor Load (0.6ms)[0m  [1m[34mSELECT "authors".* FROM "authors"[0m
  ↳ app/controllers/authors_controller.rb:4:in `index'
Completed 200 OK in 30ms (Views: 20.4ms | ActiveRecord: 2.3ms | Allocations: 4064)


Started GET "/books" for ::1 at 2023-04-03 18:36:25 +1200
Processing by BooksController#index as HTML
  [1m[36mBook Load (0.6ms)[0m  [1m[34mSELECT title, count(*) as count FROM "books" GROUP BY "books"."title" HAVING (count(*) > 1)[0m
  ↳ app/models/book.rb:6:in `<class:Book>'
  [1m[36mBook Load (1.2ms)[0m  [1m[34mSELECT "books".* FROM "books"[0m
  ↳ app/controllers/books_controller.rb:4:in `index'
Completed 200 OK in 32ms (Views: 0.6ms | ActiveRecord: 4.9ms | Allocations: 4679)


Started GET "/books" for ::1 at 2023-04-03 18:43:07 +1200
  [1m[36mActiveRecord::SchemaMigration Pluck (0.6ms)[0m  [1m[34mSELECT "schema_migrations"."version" FROM "schema_migrations" ORDER BY "schema_migrations"."version" ASC[0m
Processing by BooksController#index as HTML
  [1m[36mBook Load (0.7ms)[0m  [1m[34mSELECT title, count(*) as count FROM "books" GROUP BY "books"."title" HAVING (count(*) > 1)[0m
  ↳ app/models/book.rb:6:in `<class:Book>'
Completed 200 OK in 61ms (Views: 0.3ms | ActiveRecord: 2.0ms | Allocations: 4482)


Started GET "/books" for ::1 at 2023-04-03 18:45:51 +1200
  [1m[36mActiveRecord::SchemaMigration Pluck (0.7ms)[0m  [1m[34mSELECT "schema_migrations"."version" FROM "schema_migrations" ORDER BY "schema_migrations"."version" ASC[0m
Processing by BooksController#index as HTML
  [1m[36mBook Load (1.1ms)[0m  [1m[34mSELECT title, count(*) as count FROM "books" GROUP BY "books"."title" HAVING (count(*) > 1)[0m
  ↳ app/models/book.rb:6:in `<class:Book>'
Completed 200 OK in 69ms (Views: 0.8ms | ActiveRecord: 2.3ms | Allocations: 4482)


Started GET "/authors" for ::1 at 2023-04-03 18:48:53 +1200
  [1m[36mActiveRecord::SchemaMigration Pluck (0.6ms)[0m  [1m[34mSELECT "schema_migrations"."version" FROM "schema_migrations" ORDER BY "schema_migrations"."version" ASC[0m
Processing by AuthorsController#index as HTML
  [1m[36mAuthor Load (0.8ms)[0m  [1m[34mSELECT "authors".* FROM "authors"[0m
  ↳ app/controllers/authors_controller.rb:4:in `index'
Completed 200 OK in 102ms (Views: 36.9ms | ActiveRecord: 4.5ms | Allocations: 8378)


Started GET "/authors" for ::1 at 2023-04-03 18:49:45 +1200
Processing by AuthorsController#index as HTML
  [1m[36mAuthor Load (0.4ms)[0m  [1m[34mSELECT "authors".* FROM "authors"[0m
  ↳ app/controllers/authors_controller.rb:4:in `map'
Completed 500 Internal Server Error in 36ms (ActiveRecord: 3.2ms | Allocations: 7352)


  
NoMethodError (undefined method `title' for #<Author id: 1, name: "Jane Austen", created_at: "2023-04-03 05:43:03.335418000 +0000", updated_at: "2023-04-03 05:43:03.335418000 +0000">):
  
app/controllers/authors_controller.rb:4:in `block in index'
app/controllers/authors_controller.rb:4:in `map'
app/controllers/authors_controller.rb:4:in `index'
Started GET "/authors" for ::1 at 2023-04-03 18:49:59 +1200
Processing by AuthorsController#index as HTML
  [1m[36mAuthor Load (0.7ms)[0m  [1m[34mSELECT "authors".* FROM "authors"[0m
  ↳ app/controllers/authors_controller.rb:4:in `index'
Completed 200 OK in 32ms (Views: 21.8ms | ActiveRecord: 6.1ms | Allocations: 3586)


Started GET "/books" for ::1 at 2023-04-03 18:50:12 +1200
Processing by BooksController#index as HTML
  [1m[36mBook Load (0.6ms)[0m  [1m[34mSELECT title, count(*) as count FROM "books" GROUP BY "books"."title" HAVING (count(*) > 1)[0m
  ↳ app/models/book.rb:6:in `<class:Book>'
Completed 200 OK in 12ms (Views: 0.3ms | ActiveRecord: 1.6ms | Allocations: 1826)


Started GET "/authors" for ::1 at 2023-04-03 18:50:45 +1200
Processing by AuthorsController#index as HTML
  [1m[36mAuthor Load (0.6ms)[0m  [1m[34mSELECT "authors".* FROM "authors"[0m
  ↳ app/controllers/authors_controller.rb:4:in `index'
Completed 200 OK in 7ms (Views: 5.5ms | ActiveRecord: 0.6ms | Allocations: 1105)


Started GET "/books" for ::1 at 2023-04-03 18:51:59 +1200
Processing by BooksController#index as HTML
Completed 200 OK in 1ms (Views: 0.2ms | ActiveRecord: 0.0ms | Allocations: 70)


Started GET "/books" for ::1 at 2023-04-03 18:58:14 +1200
Processing by BooksController#index as HTML
  [1m[36mBook Load (0.6ms)[0m  [1m[34mSELECT title, count(*) as count FROM "books" GROUP BY "books"."title" HAVING (count(*) > 1)[0m
  ↳ app/models/book.rb:6:in `<class:Book>'
  [1m[36mBook Load (0.6ms)[0m  [1m[34mSELECT "books".* FROM "books"[0m
  ↳ app/controllers/books_controller.rb:4:in `index'
Completed 200 OK in 46ms (Views: 0.9ms | ActiveRecord: 3.5ms | Allocations: 6025)


Started GET "/books/available" for ::1 at 2023-04-03 18:58:35 +1200
Processing by BooksController#available as HTML
  [1m[36mBook Load (0.6ms)[0m  [1m[34mSELECT "books".* FROM "books" WHERE "books"."checked_out" = ?[0m  [["checked_out", 0]]
  ↳ app/controllers/books_controller.rb:11:in `map'
Completed 200 OK in 13ms (Views: 0.4ms | ActiveRecord: 0.6ms | Allocations: 1318)


Started GET "/books/authors" for ::1 at 2023-04-03 18:59:00 +1200
  
ActionController::RoutingError (No route matches [GET] "/books/authors"):
  
Started GET "/authors" for ::1 at 2023-04-03 19:00:08 +1200
  [1m[36mActiveRecord::SchemaMigration Pluck (0.8ms)[0m  [1m[34mSELECT "schema_migrations"."version" FROM "schema_migrations" ORDER BY "schema_migrations"."version" ASC[0m
Processing by AuthorsController#index as HTML
  [1m[36mAuthor Load (1.6ms)[0m  [1m[34mSELECT "authors".* FROM "authors"[0m
  ↳ app/controllers/authors_controller.rb:4:in `index'
Completed 200 OK in 101ms (Views: 39.7ms | ActiveRecord: 4.0ms | Allocations: 8378)


Started GET "/" for ::1 at 2023-04-03 21:45:20 +1200
  [1m[36mActiveRecord::SchemaMigration Pluck (0.6ms)[0m  [1m[34mSELECT "schema_migrations"."version" FROM "schema_migrations" ORDER BY "schema_migrations"."version" ASC[0m
Processing by Rails::WelcomeController#index as HTML
  Rendering C:/Ruby31-x64/lib/ruby/gems/3.1.0/gems/railties-7.0.4.3/lib/rails/templates/rails/welcome/index.html.erb
  Rendered C:/Ruby31-x64/lib/ruby/gems/3.1.0/gems/railties-7.0.4.3/lib/rails/templates/rails/welcome/index.html.erb (Duration: 7.9ms | Allocations: 552)
Completed 200 OK in 112ms (Views: 28.5ms | ActiveRecord: 0.0ms | Allocations: 3889)


Started GET "/books" for ::1 at 2023-04-03 21:45:26 +1200
Processing by BooksController#index as HTML
  [1m[36mBook Load (1.4ms)[0m  [1m[34mSELECT title, count(*) as count FROM "books" GROUP BY "books"."title" HAVING (count(*) > 1)[0m
  ↳ app/models/book.rb:6:in `<class:Book>'
  [1m[36mBook Load (0.9ms)[0m  [1m[34mSELECT "books".* FROM "books"[0m
  ↳ app/controllers/books_controller.rb:4:in `index'
Completed 200 OK in 76ms (Views: 0.8ms | ActiveRecord: 5.9ms | Allocations: 8152)


Started GET "/books/available" for ::1 at 2023-04-03 21:45:34 +1200
Processing by BooksController#available as HTML
  [1m[36mBook Load (1.0ms)[0m  [1m[34mSELECT "books".* FROM "books" WHERE "books"."checked_out" = ?[0m  [["checked_out", 0]]
  ↳ app/controllers/books_controller.rb:11:in `map'
Completed 200 OK in 261ms (Views: 0.4ms | ActiveRecord: 1.0ms | Allocations: 4073)


Started GET "/books/author" for ::1 at 2023-04-03 21:45:41 +1200
  
ActionController::RoutingError (No route matches [GET] "/books/author"):
  
Started GET "/books/authors" for ::1 at 2023-04-03 21:45:44 +1200
  
ActionController::RoutingError (No route matches [GET] "/books/authors"):
  
Started GET "/authors" for ::1 at 2023-04-03 21:45:54 +1200
Processing by AuthorsController#index as HTML
  [1m[36mAuthor Load (0.6ms)[0m  [1m[34mSELECT "authors".* FROM "authors"[0m
  ↳ app/controllers/authors_controller.rb:4:in `index'
Completed 200 OK in 27ms (Views: 20.1ms | ActiveRecord: 2.3ms | Allocations: 4108)


